2015-09-06 18:15:05,601 - [INFO] - from play in pool-4-thread-3 
Listening for HTTP on /0:0:0:0:0:0:0:0:9007

2015-09-06 18:16:46,349 - [WARN] - from com.jolbox.bonecp.BoneCPConfig in play-internal-execution-context-1 
JDBC username was not set in config!

2015-09-06 18:16:46,349 - [WARN] - from com.jolbox.bonecp.BoneCPConfig in play-internal-execution-context-1 
JDBC password was not set in config!

2015-09-06 18:16:46,737 - [ERROR] - from application in New I/O worker #1 


! @6ncd1fpja - Internal server error, for (GET) [/?] ->

play.api.db.evolutions.InvalidDatabaseRevision: Database 'default' needs evolution![An SQL script need to be run on your database.]
	at play.api.db.evolutions.EvolutionsPlugin$$anonfun$onStart$1$$anonfun$apply$1.apply$mcV$sp(Evolutions.scala:486) ~[play-jdbc_2.10-2.2.6.jar:2.2.6]
	at play.api.db.evolutions.EvolutionsPlugin.withLock(Evolutions.scala:507) ~[play-jdbc_2.10-2.2.6.jar:2.2.6]
	at play.api.db.evolutions.EvolutionsPlugin$$anonfun$onStart$1.apply(Evolutions.scala:461) ~[play-jdbc_2.10-2.2.6.jar:2.2.6]
	at play.api.db.evolutions.EvolutionsPlugin$$anonfun$onStart$1.apply(Evolutions.scala:459) ~[play-jdbc_2.10-2.2.6.jar:2.2.6]
	at scala.collection.immutable.List.foreach(List.scala:318) ~[scala-library-2.10.3.jar:na]
	at play.api.db.evolutions.EvolutionsPlugin.onStart(Evolutions.scala:459) ~[play-jdbc_2.10-2.2.6.jar:2.2.6]
	at play.api.Play$$anonfun$start$1$$anonfun$apply$mcV$sp$1.apply(Play.scala:88) ~[play_2.10-2.2.6.jar:2.2.6]
	at play.api.Play$$anonfun$start$1$$anonfun$apply$mcV$sp$1.apply(Play.scala:88) ~[play_2.10-2.2.6.jar:2.2.6]
	at scala.collection.immutable.List.foreach(List.scala:318) ~[scala-library-2.10.3.jar:na]
	at play.api.Play$$anonfun$start$1.apply$mcV$sp(Play.scala:88) ~[play_2.10-2.2.6.jar:2.2.6]
	at play.api.Play$$anonfun$start$1.apply(Play.scala:88) ~[play_2.10-2.2.6.jar:2.2.6]
	at play.api.Play$$anonfun$start$1.apply(Play.scala:88) ~[play_2.10-2.2.6.jar:2.2.6]
	at play.utils.Threads$.withContextClassLoader(Threads.scala:18) ~[play_2.10-2.2.6.jar:2.2.6]
	at play.api.Play$.start(Play.scala:87) ~[play_2.10-2.2.6.jar:2.2.6]
	at play.core.ReloadableApplication$$anonfun$get$1$$anonfun$apply$1$$anonfun$1.apply(ApplicationProvider.scala:139) ~[play_2.10-2.2.6.jar:2.2.6]
	at play.core.ReloadableApplication$$anonfun$get$1$$anonfun$apply$1$$anonfun$1.apply(ApplicationProvider.scala:112) ~[play_2.10-2.2.6.jar:2.2.6]
	at scala.Option.map(Option.scala:145) ~[scala-library-2.10.3.jar:na]
	at play.core.ReloadableApplication$$anonfun$get$1$$anonfun$apply$1.apply(ApplicationProvider.scala:112) ~[play_2.10-2.2.6.jar:2.2.6]
	at play.core.ReloadableApplication$$anonfun$get$1$$anonfun$apply$1.apply(ApplicationProvider.scala:110) ~[play_2.10-2.2.6.jar:2.2.6]
	at scala.util.Success.flatMap(Try.scala:200) ~[scala-library-2.10.3.jar:na]
	at play.core.ReloadableApplication$$anonfun$get$1.apply(ApplicationProvider.scala:110) ~[play_2.10-2.2.6.jar:2.2.6]
	at play.core.ReloadableApplication$$anonfun$get$1.apply(ApplicationProvider.scala:102) ~[play_2.10-2.2.6.jar:2.2.6]
	at scala.concurrent.impl.Future$PromiseCompletingRunnable.liftedTree1$1(Future.scala:24) ~[scala-library-2.10.3.jar:na]
	at scala.concurrent.impl.Future$PromiseCompletingRunnable.run(Future.scala:24) ~[scala-library-2.10.3.jar:na]
	at scala.concurrent.forkjoin.ForkJoinTask$AdaptedRunnableAction.exec(ForkJoinTask.java:1361) ~[scala-library-2.10.3.jar:na]
	at scala.concurrent.forkjoin.ForkJoinTask.doExec(ForkJoinTask.java:260) ~[scala-library-2.10.3.jar:na]
	at scala.concurrent.forkjoin.ForkJoinPool$WorkQueue.runTask(ForkJoinPool.java:1339) ~[scala-library-2.10.3.jar:na]
	at scala.concurrent.forkjoin.ForkJoinPool.runWorker(ForkJoinPool.java:1979) ~[scala-library-2.10.3.jar:na]
	at scala.concurrent.forkjoin.ForkJoinWorkerThread.run(ForkJoinWorkerThread.java:107) ~[scala-library-2.10.3.jar:na]

2015-09-06 18:16:50,086 - [WARN] - from com.jolbox.bonecp.BoneCPConfig in play-internal-execution-context-1 
JDBC username was not set in config!

2015-09-06 18:16:50,086 - [WARN] - from com.jolbox.bonecp.BoneCPConfig in play-internal-execution-context-1 
JDBC password was not set in config!

2015-09-06 18:18:15,427 - [WARN] - from com.jolbox.bonecp.BoneCPConfig in play-internal-execution-context-2 
JDBC username was not set in config!

2015-09-06 18:18:15,428 - [WARN] - from com.jolbox.bonecp.BoneCPConfig in play-internal-execution-context-2 
JDBC password was not set in config!

2015-09-06 18:29:01,003 - [WARN] - from com.jolbox.bonecp.BoneCPConfig in play-internal-execution-context-5 
JDBC username was not set in config!

2015-09-06 18:29:01,018 - [WARN] - from com.jolbox.bonecp.BoneCPConfig in play-internal-execution-context-5 
JDBC password was not set in config!

2015-09-06 18:31:06,857 - [WARN] - from com.jolbox.bonecp.BoneCPConfig in play-internal-execution-context-6 
JDBC username was not set in config!

2015-09-06 18:31:06,858 - [WARN] - from com.jolbox.bonecp.BoneCPConfig in play-internal-execution-context-6 
JDBC password was not set in config!

2015-09-06 18:31:43,330 - [WARN] - from com.jolbox.bonecp.BoneCPConfig in play-internal-execution-context-7 
JDBC username was not set in config!

2015-09-06 18:31:43,331 - [WARN] - from com.jolbox.bonecp.BoneCPConfig in play-internal-execution-context-7 
JDBC password was not set in config!

2015-09-06 18:33:53,423 - [WARN] - from com.jolbox.bonecp.BoneCPConfig in play-internal-execution-context-9 
JDBC username was not set in config!

2015-09-06 18:33:53,424 - [WARN] - from com.jolbox.bonecp.BoneCPConfig in play-internal-execution-context-9 
JDBC password was not set in config!

2015-09-06 18:57:44,796 - [WARN] - from com.jolbox.bonecp.BoneCPConfig in play-internal-execution-context-15 
JDBC username was not set in config!

2015-09-06 18:57:44,797 - [WARN] - from com.jolbox.bonecp.BoneCPConfig in play-internal-execution-context-15 
JDBC password was not set in config!

2015-09-06 18:58:27,587 - [WARN] - from com.jolbox.bonecp.BoneCPConfig in play-internal-execution-context-16 
JDBC username was not set in config!

2015-09-06 18:58:27,587 - [WARN] - from com.jolbox.bonecp.BoneCPConfig in play-internal-execution-context-16 
JDBC password was not set in config!

2015-09-06 19:04:06,048 - [WARN] - from com.jolbox.bonecp.BoneCPConfig in play-internal-execution-context-16 
JDBC username was not set in config!

2015-09-06 19:04:06,049 - [WARN] - from com.jolbox.bonecp.BoneCPConfig in play-internal-execution-context-16 
JDBC password was not set in config!

2015-09-06 19:20:44,329 - [WARN] - from com.jolbox.bonecp.BoneCPConfig in play-internal-execution-context-17 
JDBC username was not set in config!

2015-09-06 19:20:44,329 - [WARN] - from com.jolbox.bonecp.BoneCPConfig in play-internal-execution-context-17 
JDBC password was not set in config!

2015-09-06 19:29:34,773 - [WARN] - from com.jolbox.bonecp.BoneCPConfig in play-internal-execution-context-19 
JDBC username was not set in config!

2015-09-06 19:29:34,773 - [WARN] - from com.jolbox.bonecp.BoneCPConfig in play-internal-execution-context-19 
JDBC password was not set in config!

